<?xml version="1.0" encoding="UTF-8"?>
<!-- Generated by org.testng.reporters.JUnitReportReporter -->
<testsuite skipped="0" hostname="TYSS-4F-056" name="scripts.TestB" tests="1" failures="0" timestamp="10 Dec 2018 09:39:24 GMT" time="8.642" errors="0">
  <testcase name="test3" time="8.642" classname="scripts.TestB"/>
</testsuite> <!-- scripts.TestB -->
